#
# There is insufficient memory for the Java Runtime Environment to continue.
# Native memory allocation (malloc) failed to allocate 1926736 bytes. Error detail: Chunk::new
# Possible reasons:
#   The system is out of physical RAM or swap space
#   This process is running with CompressedOops enabled, and the Java Heap may be blocking the growth of the native heap
# Possible solutions:
#   Reduce memory load on the system
#   Increase physical memory or swap space
#   Check if swap backing store is full
#   Decrease Java heap size (-Xmx/-Xms)
#   Decrease number of Java threads
#   Decrease Java thread stack sizes (-Xss)
#   Set larger code cache with -XX:ReservedCodeCacheSize=
#   JVM is running with Zero Based Compressed Oops mode in which the Java heap is
#     placed in the first 32GB address space. The Java Heap base address is the
#     maximum limit for the native heap growth. Please use -XX:HeapBaseMinAddress
#     to set the Java Heap base and to place the Java Heap above 32GB virtual address.
# This output file may be truncated or incomplete.
#
#  Out of Memory Error (arena.cpp:191), pid=25536, tid=604
#
# JRE version: OpenJDK Runtime Environment Corretto-17.0.11.9.1 (17.0.11+9) (build 17.0.11+9-LTS)
# Java VM: OpenJDK 64-Bit Server VM Corretto-17.0.11.9.1 (17.0.11+9-LTS, mixed mode, sharing, tiered, compressed oops, compressed class ptrs, g1 gc, windows-amd64)
# No core dump will be written. Minidumps are not enabled by default on client versions of Windows
#

---------------  S U M M A R Y ------------

Command Line: -Dfile.encoding=windows-1252 -Duser.country=CL -Duser.language=es -Duser.variant com.icc.identity_svc.IdentitySvcApplication

Host: Intel(R) Core(TM) i7-10750H CPU @ 2.60GHz, 12 cores, 11G,  Windows 11 , 64 bit Build 22000 (10.0.22000.2538)
Time: Mon Jul  8 01:32:24 2024 Hora est. Sudamérica Pacífico elapsed time: 10.164183 seconds (0d 0h 0m 10s)

---------------  T H R E A D  ---------------

Current thread (0x00000169fdfa5850):  JavaThread "C2 CompilerThread0" daemon [_thread_in_native, id=604, stack(0x00000065e8d00000,0x00000065e8e00000)]


Current CompileTask:
C2:  10164 4354       4       jdk.internal.org.objectweb.asm.Frame::execute (2305 bytes)

Stack: [0x00000065e8d00000,0x00000065e8e00000]
Native frames: (J=compiled Java code, j=interpreted, Vv=VM code, C=native code)
V  [jvm.dll+0x67d009]
V  [jvm.dll+0x83489a]
V  [jvm.dll+0x83635e]
V  [jvm.dll+0x8369c3]
V  [jvm.dll+0x2479df]
V  [jvm.dll+0xac534]
V  [jvm.dll+0xacb7c]
V  [jvm.dll+0x3661f2]
V  [jvm.dll+0x3307ba]
V  [jvm.dll+0x32fc5a]
V  [jvm.dll+0x21a0c1]
V  [jvm.dll+0x219501]
V  [jvm.dll+0x1a524d]
V  [jvm.dll+0x22920d]
V  [jvm.dll+0x2273dc]
V  [jvm.dll+0x7e9a07]
V  [jvm.dll+0x7e3e0a]
V  [jvm.dll+0x67bef5]
C  [ucrtbase.dll+0x26c0c]
C  [KERNEL32.DLL+0x153e0]
C  [ntdll.dll+0x485b]


---------------  P R O C E S S  ---------------

Threads class SMR info:
_java_thread_list=0x00000169d470a980, length=18, elements={
0x00000169ec2a0f60, 0x00000169fdf82f20, 0x00000169fdf83da0, 0x00000169fdf9b800,
0x00000169fdf9c5d0, 0x00000169fdf9ef40, 0x00000169fdf9ea30, 0x00000169fdfa5850,
0x00000169fdfb1a60, 0x00000169fe0f8480, 0x00000169fdf9f960, 0x00000169fdf9fe70,
0x00000169fdf9e010, 0x00000169ff64d050, 0x00000169ff64f3c0, 0x00000169ff64e9a0,
0x00000169ff64d560, 0x00000169ff64fde0
}

Java Threads: ( => current thread )
  0x00000169ec2a0f60 JavaThread "main" [_thread_in_native, id=24332, stack(0x00000065e8000000,0x00000065e8100000)]
  0x00000169fdf82f20 JavaThread "Reference Handler" daemon [_thread_blocked, id=19608, stack(0x00000065e8700000,0x00000065e8800000)]
  0x00000169fdf83da0 JavaThread "Finalizer" daemon [_thread_blocked, id=6232, stack(0x00000065e8800000,0x00000065e8900000)]
  0x00000169fdf9b800 JavaThread "Signal Dispatcher" daemon [_thread_blocked, id=27408, stack(0x00000065e8900000,0x00000065e8a00000)]
  0x00000169fdf9c5d0 JavaThread "Attach Listener" daemon [_thread_blocked, id=22620, stack(0x00000065e8a00000,0x00000065e8b00000)]
  0x00000169fdf9ef40 JavaThread "Service Thread" daemon [_thread_blocked, id=12072, stack(0x00000065e8b00000,0x00000065e8c00000)]
  0x00000169fdf9ea30 JavaThread "Monitor Deflation Thread" daemon [_thread_blocked, id=19436, stack(0x00000065e8c00000,0x00000065e8d00000)]
=>0x00000169fdfa5850 JavaThread "C2 CompilerThread0" daemon [_thread_in_native, id=604, stack(0x00000065e8d00000,0x00000065e8e00000)]
  0x00000169fdfb1a60 JavaThread "C1 CompilerThread0" daemon [_thread_blocked, id=19008, stack(0x00000065e8e00000,0x00000065e8f00000)]
  0x00000169fe0f8480 JavaThread "Sweeper thread" daemon [_thread_blocked, id=22812, stack(0x00000065e8f00000,0x00000065e9000000)]
  0x00000169fdf9f960 JavaThread "Notification Thread" daemon [_thread_blocked, id=21560, stack(0x00000065e9000000,0x00000065e9100000)]
  0x00000169fdf9fe70 JavaThread "Common-Cleaner" daemon [_thread_blocked, id=26040, stack(0x00000065e9200000,0x00000065e9300000)]
  0x00000169fdf9e010 JavaThread "Catalina-utility-1" [_thread_blocked, id=19976, stack(0x00000065e9e00000,0x00000065e9f00000)]
  0x00000169ff64d050 JavaThread "Catalina-utility-2" [_thread_blocked, id=24380, stack(0x00000065e9f00000,0x00000065ea000000)]
  0x00000169ff64f3c0 JavaThread "container-0" [_thread_blocked, id=20160, stack(0x00000065ea000000,0x00000065ea100000)]
  0x00000169ff64e9a0 JavaThread "mysql-cj-abandoned-connection-cleanup" daemon [_thread_blocked, id=12520, stack(0x00000065ea100000,0x00000065ea200000)]
  0x00000169ff64d560 JavaThread "HikariPool-1 housekeeper" daemon [_thread_blocked, id=16404, stack(0x00000065ea300000,0x00000065ea400000)]
  0x00000169ff64fde0 JavaThread "HikariPool-1 connection adder" daemon [_thread_in_native, id=9124, stack(0x00000065ea400000,0x00000065ea500000)]

Other Threads:
  0x00000169fdf80320 VMThread "VM Thread" [stack: 0x00000065e8600000,0x00000065e8700000] [id=25052]
  0x00000169fe217380 WatcherThread [stack: 0x00000065e9100000,0x00000065e9200000] [id=25184]
  0x00000169ec2f9e70 GCTaskThread "GC Thread#0" [stack: 0x00000065e8100000,0x00000065e8200000] [id=15800]
  0x00000169febdff80 GCTaskThread "GC Thread#1" [stack: 0x00000065e9300000,0x00000065e9400000] [id=22864]
  0x00000169febe0240 GCTaskThread "GC Thread#2" [stack: 0x00000065e9400000,0x00000065e9500000] [id=22820]
  0x00000169febe0500 GCTaskThread "GC Thread#3" [stack: 0x00000065e9500000,0x00000065e9600000] [id=1680]
  0x00000169fec47160 GCTaskThread "GC Thread#4" [stack: 0x00000065e9600000,0x00000065e9700000] [id=26908]
  0x00000169fef46b30 GCTaskThread "GC Thread#5" [stack: 0x00000065e9800000,0x00000065e9900000] [id=10408]
  0x00000169feb76c90 GCTaskThread "GC Thread#6" [stack: 0x00000065e9900000,0x00000065e9a00000] [id=25296]
  0x00000169fef4be80 GCTaskThread "GC Thread#7" [stack: 0x00000065e9a00000,0x00000065e9b00000] [id=6344]
  0x00000169ff314fb0 GCTaskThread "GC Thread#8" [stack: 0x00000065e9700000,0x00000065e9800000] [id=19332]
  0x00000169ff644880 GCTaskThread "GC Thread#9" [stack: 0x00000065e9b00000,0x00000065e9c00000] [id=3496]
  0x00000169ec306b10 ConcurrentGCThread "G1 Main Marker" [stack: 0x00000065e8200000,0x00000065e8300000] [id=26956]
  0x00000169ec307cd0 ConcurrentGCThread "G1 Conc#0" [stack: 0x00000065e8300000,0x00000065e8400000] [id=23152]
  0x00000169ff488f40 ConcurrentGCThread "G1 Conc#1" [stack: 0x00000065e9c00000,0x00000065e9d00000] [id=9352]
  0x00000169ff6f6a00 ConcurrentGCThread "G1 Conc#2" [stack: 0x00000065e9d00000,0x00000065e9e00000] [id=26016]
  0x00000169ec34e2f0 ConcurrentGCThread "G1 Refine#0" [stack: 0x00000065e8400000,0x00000065e8500000] [id=7304]
  0x00000169fde38100 ConcurrentGCThread "G1 Service" [stack: 0x00000065e8500000,0x00000065e8600000] [id=26312]

Threads with active compile tasks:
C2 CompilerThread0    10204 4354       4       jdk.internal.org.objectweb.asm.Frame::execute (2305 bytes)

VM state: not at safepoint (normal execution)

VM Mutex/Monitor currently owned by a thread: None

Heap address: 0x0000000743800000, size: 3016 MB, Compressed Oops mode: Zero based, Oop shift amount: 3

CDS archive(s) mapped at: [0x000001698f000000-0x000001698fbb0000-0x000001698fbb0000), size 12255232, SharedBaseAddress: 0x000001698f000000, ArchiveRelocationMode: 1.
Compressed class space mapped at: 0x0000016990000000-0x00000169d0000000, reserved size: 1073741824
Narrow klass base: 0x000001698f000000, Narrow klass shift: 0, Narrow klass range: 0x100000000

GC Precious Log:
 CPUs: 12 total, 12 available
 Memory: 12057M
 Large Page Support: Disabled
 NUMA Support: Disabled
 Compressed Oops: Enabled (Zero based)
 Heap Region Size: 2M
 Heap Min Capacity: 8M
 Heap Initial Capacity: 190M
 Heap Max Capacity: 3016M
 Pre-touch: Disabled
 Parallel Workers: 10
 Concurrent Workers: 3
 Concurrent Refinement Workers: 10
 Periodic GC: Disabled

Heap:
 garbage-first heap   total 61440K, used 26996K [0x0000000743800000, 0x0000000800000000)
  region size 2048K, 5 young (10240K), 1 survivors (2048K)
 Metaspace       used 46714K, committed 47168K, reserved 1114112K
  class space    used 6229K, committed 6464K, reserved 1048576K

Heap Regions: E=young(eden), S=young(survivor), O=old, HS=humongous(starts), HC=humongous(continues), CS=collection set, F=free, OA=open archive, CA=closed archive, TAMS=top-at-mark-start (previous, next)
|   0|0x0000000743800000, 0x0000000743a00000, 0x0000000743a00000|100%| O|  |TAMS 0x0000000743a00000, 0x0000000743800000| Untracked 
|   1|0x0000000743a00000, 0x0000000743c00000, 0x0000000743c00000|100%| O|  |TAMS 0x0000000743c00000, 0x0000000743a00000| Untracked 
|   2|0x0000000743c00000, 0x0000000743e00000, 0x0000000743e00000|100%| O|  |TAMS 0x0000000743e00000, 0x0000000743c00000| Untracked 
|   3|0x0000000743e00000, 0x0000000744000000, 0x0000000744000000|100%| O|  |TAMS 0x0000000743e00000, 0x0000000743e00000| Untracked 
|   4|0x0000000744000000, 0x0000000744200000, 0x0000000744200000|100%| O|  |TAMS 0x0000000744200000, 0x0000000744000000| Untracked 
|   5|0x0000000744200000, 0x0000000744400000, 0x0000000744400000|100%| O|  |TAMS 0x0000000744400000, 0x0000000744200000| Untracked 
|   6|0x0000000744400000, 0x0000000744600000, 0x0000000744600000|100%| O|  |TAMS 0x0000000744600000, 0x0000000744400000| Untracked 
|   7|0x0000000744600000, 0x0000000744800000, 0x0000000744800000|100%| O|  |TAMS 0x0000000744800000, 0x0000000744600000| Untracked 
|   8|0x0000000744800000, 0x0000000744800000, 0x0000000744a00000|  0%| F|  |TAMS 0x0000000744800000, 0x0000000744800000| Untracked 
|   9|0x0000000744a00000, 0x0000000744c00000, 0x0000000744c00000|100%| O|  |TAMS 0x0000000744a00000, 0x0000000744a00000| Untracked 
|  10|0x0000000744c00000, 0x0000000744dd3800, 0x0000000744e00000| 91%| O|  |TAMS 0x0000000744c00000, 0x0000000744c00000| Untracked 
|  11|0x0000000744e00000, 0x0000000744e00000, 0x0000000745000000|  0%| F|  |TAMS 0x0000000744e00000, 0x0000000744e00000| Untracked 
|  12|0x0000000745000000, 0x0000000745000000, 0x0000000745200000|  0%| F|  |TAMS 0x0000000745000000, 0x0000000745000000| Untracked 
|  13|0x0000000745200000, 0x0000000745200000, 0x0000000745400000|  0%| F|  |TAMS 0x0000000745200000, 0x0000000745200000| Untracked 
|  14|0x0000000745400000, 0x0000000745400000, 0x0000000745600000|  0%| F|  |TAMS 0x0000000745400000, 0x0000000745400000| Untracked 
|  15|0x0000000745600000, 0x0000000745600000, 0x0000000745800000|  0%| F|  |TAMS 0x0000000745600000, 0x0000000745600000| Untracked 
|  16|0x0000000745800000, 0x0000000745800000, 0x0000000745a00000|  0%| F|  |TAMS 0x0000000745800000, 0x0000000745800000| Untracked 
|  17|0x0000000745a00000, 0x0000000745a00000, 0x0000000745c00000|  0%| F|  |TAMS 0x0000000745a00000, 0x0000000745a00000| Untracked 
|  18|0x0000000745c00000, 0x0000000745c00000, 0x0000000745e00000|  0%| F|  |TAMS 0x0000000745c00000, 0x0000000745c00000| Untracked 
|  19|0x0000000745e00000, 0x0000000745e00000, 0x0000000746000000|  0%| F|  |TAMS 0x0000000745e00000, 0x0000000745e00000| Untracked 
|  20|0x0000000746000000, 0x0000000746000000, 0x0000000746200000|  0%| F|  |TAMS 0x0000000746000000, 0x0000000746000000| Untracked 
|  21|0x0000000746200000, 0x0000000746200000, 0x0000000746400000|  0%| F|  |TAMS 0x0000000746200000, 0x0000000746200000| Untracked 
|  22|0x0000000746400000, 0x0000000746400000, 0x0000000746600000|  0%| F|  |TAMS 0x0000000746400000, 0x0000000746400000| Untracked 
|  23|0x0000000746600000, 0x0000000746600000, 0x0000000746800000|  0%| F|  |TAMS 0x0000000746600000, 0x0000000746600000| Untracked 
|  24|0x0000000746800000, 0x0000000746800000, 0x0000000746a00000|  0%| F|  |TAMS 0x0000000746800000, 0x0000000746800000| Untracked 
|  58|0x000000074ac00000, 0x000000074ace1840, 0x000000074ae00000| 44%| E|  |TAMS 0x000000074ac00000, 0x000000074ac00000| Complete 
|  59|0x000000074ae00000, 0x000000074b000000, 0x000000074b000000|100%| E|CS|TAMS 0x000000074ae00000, 0x000000074ae00000| Complete 
|  60|0x000000074b000000, 0x000000074b200000, 0x000000074b200000|100%| E|CS|TAMS 0x000000074b000000, 0x000000074b000000| Complete 
|  61|0x000000074b200000, 0x000000074b289b80, 0x000000074b400000| 26%| S|CS|TAMS 0x000000074b200000, 0x000000074b200000| Complete 
|  94|0x000000074f400000, 0x000000074f600000, 0x000000074f600000|100%| E|CS|TAMS 0x000000074f400000, 0x000000074f400000| Complete 

Card table byte_map: [0x00000169f4900000,0x00000169f4ef0000] _byte_map_base: 0x00000169f0ee4000

Marking Bits (Prev, Next): (CMBitMap*) 0x00000169ec2fa490, (CMBitMap*) 0x00000169ec2fa4d0
 Prev Bits: [0x00000169f54e0000, 0x00000169f8400000)
 Next Bits: [0x00000169f8400000, 0x00000169fb320000)

Polling page: 0x00000169ea220000

Metaspace:

Usage:
  Non-class:     39.55 MB used.
      Class:      6.08 MB used.
       Both:     45.64 MB used.

Virtual space:
  Non-class space:       64.00 MB reserved,      39.75 MB ( 62%) committed,  1 nodes.
      Class space:        1.00 GB reserved,       6.31 MB ( <1%) committed,  1 nodes.
             Both:        1.06 GB reserved,      46.06 MB (  4%) committed. 

Chunk freelists:
   Non-Class:  8.27 MB
       Class:  9.70 MB
        Both:  17.97 MB

MaxMetaspaceSize: unlimited
CompressedClassSpaceSize: 1.00 GB
Initial GC threshold: 21.00 MB
Current GC threshold: 58.69 MB
CDS: on
MetaspaceReclaimPolicy: balanced
 - commit_granule_bytes: 65536.
 - commit_granule_words: 8192.
 - virtual_space_node_default_size: 8388608.
 - enlarge_chunks_in_place: 1.
 - new_chunks_are_fully_committed: 0.
 - uncommit_free_chunks: 1.
 - use_allocation_guard: 0.
 - handle_deallocations: 1.


Internal statistics:

num_allocs_failed_limit: 6.
num_arena_births: 572.
num_arena_deaths: 0.
num_vsnodes_births: 2.
num_vsnodes_deaths: 0.
num_space_committed: 737.
num_space_uncommitted: 0.
num_chunks_returned_to_freelist: 6.
num_chunks_taken_from_freelist: 2134.
num_chunk_merges: 6.
num_chunk_splits: 1527.
num_chunks_enlarged: 1179.
num_inconsistent_stats: 0.

CodeHeap 'non-profiled nmethods': size=120000Kb used=2065Kb max_used=2065Kb free=117934Kb
 bounds [0x0000016987ad0000, 0x0000016987d40000, 0x000001698f000000]
CodeHeap 'profiled nmethods': size=120000Kb used=8878Kb max_used=8878Kb free=111122Kb
 bounds [0x0000016980000000, 0x00000169808b0000, 0x0000016987530000]
CodeHeap 'non-nmethods': size=5760Kb used=1282Kb max_used=1348Kb free=4477Kb
 bounds [0x0000016987530000, 0x00000169877a0000, 0x0000016987ad0000]
 total_blobs=4976 nmethods=4378 adapters=510
 compilation: enabled
              stopped_count=0, restarted_count=0
 full_count=0

Compilation events (20 events):
Event: 10.070 Thread 0x00000169fdfb1a60 4400       2       java.lang.Long::getChars (208 bytes)
Event: 10.071 Thread 0x00000169fdfb1a60 nmethod 4400 0x00000169808a7510 code [0x00000169808a76e0, 0x00000169808a7b98]
Event: 10.071 Thread 0x00000169fdfb1a60 4401       2       com.mysql.cj.protocol.a.NativePacketPayload::ensureCapacity (93 bytes)
Event: 10.071 Thread 0x00000169fdfb1a60 nmethod 4401 0x00000169808a7f10 code [0x00000169808a80e0, 0x00000169808a8408]
Event: 10.071 Thread 0x00000169fdfb1a60 4402       2       java.nio.ByteBuffer::mark (7 bytes)
Event: 10.072 Thread 0x00000169fdfb1a60 nmethod 4402 0x00000169808a8510 code [0x00000169808a86a0, 0x00000169808a87b8]
Event: 10.072 Thread 0x00000169fdfb1a60 4403       2       java.security.MessageDigest::isEqual (100 bytes)
Event: 10.072 Thread 0x00000169fdfb1a60 nmethod 4403 0x00000169808a8890 code [0x00000169808a8a40, 0x00000169808a8cb8]
Event: 10.072 Thread 0x00000169fdfb1a60 4404       2       java.nio.HeapByteBuffer::getInt (29 bytes)
Event: 10.073 Thread 0x00000169fdfb1a60 nmethod 4404 0x00000169808a8e10 code [0x00000169808a9000, 0x00000169808a9408]
Event: 10.073 Thread 0x00000169fdfb1a60 4405   !   2       jdk.internal.misc.ScopedMemoryAccess::getIntUnaligned (22 bytes)
Event: 10.073 Thread 0x00000169fdfb1a60 nmethod 4405 0x00000169808a9690 code [0x00000169808a9860, 0x00000169808a9b08]
Event: 10.078 Thread 0x00000169fdfb1a60 4406       2       org.jboss.logging.Slf4jLocationAwareLogger::isEnabled (114 bytes)
Event: 10.079 Thread 0x00000169fdfb1a60 nmethod 4406 0x00000169808a9d10 code [0x00000169808a9f40, 0x00000169808aa458]
Event: 10.104 Thread 0x00000169fdfb1a60 4407       2       java.util.regex.Pattern$$Lambda$113/0x000001699007dab0::is (5 bytes)
Event: 10.105 Thread 0x00000169fdfb1a60 nmethod 4407 0x00000169808aa790 code [0x00000169808aa920, 0x00000169808aaa78]
Event: 10.105 Thread 0x00000169fdfb1a60 4409       2       com.mysql.cj.conf.StringPropertyDefinition::createRuntimeProperty (9 bytes)
Event: 10.105 Thread 0x00000169fdfb1a60 nmethod 4409 0x00000169808aab10 code [0x00000169808aaca0, 0x00000169808aae28]
Event: 10.105 Thread 0x00000169fdfb1a60 4408       2       java.util.regex.Pattern::lambda$DOT$11 (34 bytes)
Event: 10.105 Thread 0x00000169fdfb1a60 nmethod 4408 0x00000169808aaf10 code [0x00000169808ab0a0, 0x00000169808ab1d8]

GC Heap History (20 events):
Event: 1.756 GC heap before
{Heap before GC invocations=0 (full 0):
 garbage-first heap   total 194560K, used 20480K [0x0000000743800000, 0x0000000800000000)
  region size 2048K, 11 young (22528K), 0 survivors (0K)
 Metaspace       used 5368K, committed 5568K, reserved 1114112K
  class space    used 618K, committed 704K, reserved 1048576K
}
Event: 1.770 GC heap after
{Heap after GC invocations=1 (full 0):
 garbage-first heap   total 194560K, used 6684K [0x0000000743800000, 0x0000000800000000)
  region size 2048K, 2 young (4096K), 2 survivors (4096K)
 Metaspace       used 5368K, committed 5568K, reserved 1114112K
  class space    used 618K, committed 704K, reserved 1048576K
}
Event: 2.470 GC heap before
{Heap before GC invocations=1 (full 0):
 garbage-first heap   total 194560K, used 29212K [0x0000000743800000, 0x0000000800000000)
  region size 2048K, 14 young (28672K), 2 survivors (4096K)
 Metaspace       used 10482K, committed 10752K, reserved 1114112K
  class space    used 1348K, committed 1472K, reserved 1048576K
}
Event: 2.481 GC heap after
{Heap after GC invocations=2 (full 0):
 garbage-first heap   total 194560K, used 8194K [0x0000000743800000, 0x0000000800000000)
  region size 2048K, 1 young (2048K), 1 survivors (2048K)
 Metaspace       used 10482K, committed 10752K, reserved 1114112K
  class space    used 1348K, committed 1472K, reserved 1048576K
}
Event: 4.039 GC heap before
{Heap before GC invocations=2 (full 0):
 garbage-first heap   total 194560K, used 71682K [0x0000000743800000, 0x0000000800000000)
  region size 2048K, 33 young (67584K), 1 survivors (2048K)
 Metaspace       used 21288K, committed 21504K, reserved 1114112K
  class space    used 2704K, committed 2816K, reserved 1048576K
}
Event: 4.053 GC heap after
{Heap after GC invocations=3 (full 0):
 garbage-first heap   total 194560K, used 12997K [0x0000000743800000, 0x0000000800000000)
  region size 2048K, 4 young (8192K), 4 survivors (8192K)
 Metaspace       used 21288K, committed 21504K, reserved 1114112K
  class space    used 2704K, committed 2816K, reserved 1048576K
}
Event: 5.609 GC heap before
{Heap before GC invocations=4 (full 0):
 garbage-first heap   total 61440K, used 41669K [0x0000000743800000, 0x0000000800000000)
  region size 2048K, 18 young (36864K), 4 survivors (8192K)
 Metaspace       used 25583K, committed 25984K, reserved 1114112K
  class space    used 3323K, committed 3520K, reserved 1048576K
}
Event: 5.628 GC heap after
{Heap after GC invocations=5 (full 0):
 garbage-first heap   total 61440K, used 15427K [0x0000000743800000, 0x0000000800000000)
  region size 2048K, 2 young (4096K), 2 survivors (4096K)
 Metaspace       used 25583K, committed 25984K, reserved 1114112K
  class space    used 3323K, committed 3520K, reserved 1048576K
}
Event: 5.735 GC heap before
{Heap before GC invocations=5 (full 0):
 garbage-first heap   total 61440K, used 17475K [0x0000000743800000, 0x0000000800000000)
  region size 2048K, 3 young (6144K), 2 survivors (4096K)
 Metaspace       used 25939K, committed 26304K, reserved 1114112K
  class space    used 3377K, committed 3584K, reserved 1048576K
}
Event: 5.749 GC heap after
{Heap after GC invocations=6 (full 0):
 garbage-first heap   total 61440K, used 15801K [0x0000000743800000, 0x0000000800000000)
  region size 2048K, 1 young (2048K), 1 survivors (2048K)
 Metaspace       used 25939K, committed 26304K, reserved 1114112K
  class space    used 3377K, committed 3584K, reserved 1048576K
}
Event: 7.921 GC heap before
{Heap before GC invocations=6 (full 0):
 garbage-first heap   total 61440K, used 40377K [0x0000000743800000, 0x0000000800000000)
  region size 2048K, 13 young (26624K), 1 survivors (2048K)
 Metaspace       used 30711K, committed 31168K, reserved 1114112K
  class space    used 4006K, committed 4224K, reserved 1048576K
}
Event: 7.932 GC heap after
{Heap after GC invocations=7 (full 0):
 garbage-first heap   total 61440K, used 17537K [0x0000000743800000, 0x0000000800000000)
  region size 2048K, 2 young (4096K), 2 survivors (4096K)
 Metaspace       used 30711K, committed 31168K, reserved 1114112K
  class space    used 4006K, committed 4224K, reserved 1048576K
}
Event: 8.664 GC heap before
{Heap before GC invocations=7 (full 0):
 garbage-first heap   total 61440K, used 42113K [0x0000000743800000, 0x0000000800000000)
  region size 2048K, 14 young (28672K), 2 survivors (4096K)
 Metaspace       used 35027K, committed 35456K, reserved 1114112K
  class space    used 4647K, committed 4864K, reserved 1048576K
}
Event: 8.668 GC heap after
{Heap after GC invocations=8 (full 0):
 garbage-first heap   total 61440K, used 18715K [0x0000000743800000, 0x0000000800000000)
  region size 2048K, 2 young (4096K), 2 survivors (4096K)
 Metaspace       used 35027K, committed 35456K, reserved 1114112K
  class space    used 4647K, committed 4864K, reserved 1048576K
}
Event: 8.750 GC heap before
{Heap before GC invocations=8 (full 0):
 garbage-first heap   total 61440K, used 20763K [0x0000000743800000, 0x0000000800000000)
  region size 2048K, 4 young (8192K), 2 survivors (4096K)
 Metaspace       used 35553K, committed 35968K, reserved 1114112K
  class space    used 4714K, committed 4928K, reserved 1048576K
}
Event: 8.754 GC heap after
{Heap after GC invocations=9 (full 0):
 garbage-first heap   total 61440K, used 18761K [0x0000000743800000, 0x0000000800000000)
  region size 2048K, 1 young (2048K), 1 survivors (2048K)
 Metaspace       used 35553K, committed 35968K, reserved 1114112K
  class space    used 4714K, committed 4928K, reserved 1048576K
}
Event: 9.966 GC heap before
{Heap before GC invocations=10 (full 0):
 garbage-first heap   total 61440K, used 43337K [0x0000000743800000, 0x0000000800000000)
  region size 2048K, 14 young (28672K), 1 survivors (2048K)
 Metaspace       used 45053K, committed 45504K, reserved 1114112K
  class space    used 5981K, committed 6208K, reserved 1048576K
}
Event: 9.969 GC heap after
{Heap after GC invocations=11 (full 0):
 garbage-first heap   total 61440K, used 21141K [0x0000000743800000, 0x0000000800000000)
  region size 2048K, 2 young (4096K), 2 survivors (4096K)
 Metaspace       used 45053K, committed 45504K, reserved 1114112K
  class space    used 5981K, committed 6208K, reserved 1048576K
}
Event: 10.022 GC heap before
{Heap before GC invocations=11 (full 0):
 garbage-first heap   total 61440K, used 23189K [0x0000000743800000, 0x0000000800000000)
  region size 2048K, 3 young (6144K), 2 survivors (4096K)
 Metaspace       used 45356K, committed 45888K, reserved 1114112K
  class space    used 6028K, committed 6272K, reserved 1048576K
}
Event: 10.027 GC heap after
{Heap after GC invocations=12 (full 0):
 garbage-first heap   total 61440K, used 20852K [0x0000000743800000, 0x0000000800000000)
  region size 2048K, 1 young (2048K), 1 survivors (2048K)
 Metaspace       used 45356K, committed 45888K, reserved 1114112K
  class space    used 6028K, committed 6272K, reserved 1048576K
}

Dll operation events (11 events):
Event: 0.020 Loaded shared library C:\Users\franc\.jdks\corretto-17.0.11\bin\java.dll
Event: 0.080 Loaded shared library C:\Users\franc\.jdks\corretto-17.0.11\bin\jsvml.dll
Event: 0.430 Loaded shared library C:\Users\franc\.jdks\corretto-17.0.11\bin\net.dll
Event: 0.536 Loaded shared library C:\Users\franc\.jdks\corretto-17.0.11\bin\nio.dll
Event: 0.543 Loaded shared library C:\Users\franc\.jdks\corretto-17.0.11\bin\zip.dll
Event: 0.942 Loaded shared library C:\Users\franc\.jdks\corretto-17.0.11\bin\jimage.dll
Event: 3.519 Loaded shared library C:\Users\franc\.jdks\corretto-17.0.11\bin\sunmscapi.dll
Event: 7.662 Loaded shared library C:\Users\franc\.jdks\corretto-17.0.11\bin\management.dll
Event: 7.667 Loaded shared library C:\Users\franc\.jdks\corretto-17.0.11\bin\management_ext.dll
Event: 8.634 Loaded shared library C:\Users\franc\.jdks\corretto-17.0.11\bin\verify.dll
Event: 9.288 Loaded shared library C:\Users\franc\.jdks\corretto-17.0.11\bin\extnet.dll

Deoptimization events (20 events):
Event: 9.976 Thread 0x00000169ff64fde0 Uncommon trap: trap_request=0xffffffde fr.pc=0x0000016987cba088 relative=0x0000000000000268
Event: 9.976 Thread 0x00000169ff64fde0 Uncommon trap: reason=class_check action=maybe_recompile pc=0x0000016987cba088 method=sun.security.util.math.intpoly.IntegerPolynomial.multByInt([JJ)V @ 26 c2
Event: 9.976 Thread 0x00000169ff64fde0 DEOPT PACKING pc=0x0000016987cba088 sp=0x00000065ea4fdf20
Event: 9.976 Thread 0x00000169ff64fde0 DEOPT UNPACKING pc=0x00000169875869a3 sp=0x00000065ea4fded0 mode 2
Event: 9.976 Thread 0x00000169ff64fde0 Uncommon trap: trap_request=0xffffffde fr.pc=0x0000016987cba088 relative=0x0000000000000268
Event: 9.976 Thread 0x00000169ff64fde0 Uncommon trap: reason=class_check action=maybe_recompile pc=0x0000016987cba088 method=sun.security.util.math.intpoly.IntegerPolynomial.multByInt([JJ)V @ 26 c2
Event: 9.976 Thread 0x00000169ff64fde0 DEOPT PACKING pc=0x0000016987cba088 sp=0x00000065ea4fdf20
Event: 9.976 Thread 0x00000169ff64fde0 DEOPT UNPACKING pc=0x00000169875869a3 sp=0x00000065ea4fded0 mode 2
Event: 9.976 Thread 0x00000169ff64fde0 Uncommon trap: trap_request=0xffffffde fr.pc=0x0000016987cba088 relative=0x0000000000000268
Event: 9.976 Thread 0x00000169ff64fde0 Uncommon trap: reason=class_check action=maybe_recompile pc=0x0000016987cba088 method=sun.security.util.math.intpoly.IntegerPolynomial.multByInt([JJ)V @ 26 c2
Event: 9.976 Thread 0x00000169ff64fde0 DEOPT PACKING pc=0x0000016987cba088 sp=0x00000065ea4fdf20
Event: 9.976 Thread 0x00000169ff64fde0 DEOPT UNPACKING pc=0x00000169875869a3 sp=0x00000065ea4fded0 mode 2
Event: 9.976 Thread 0x00000169ff64fde0 Uncommon trap: trap_request=0xffffffde fr.pc=0x0000016987cba088 relative=0x0000000000000268
Event: 9.976 Thread 0x00000169ff64fde0 Uncommon trap: reason=class_check action=maybe_recompile pc=0x0000016987cba088 method=sun.security.util.math.intpoly.IntegerPolynomial.multByInt([JJ)V @ 26 c2
Event: 9.976 Thread 0x00000169ff64fde0 DEOPT PACKING pc=0x0000016987cba088 sp=0x00000065ea4fdf20
Event: 9.976 Thread 0x00000169ff64fde0 DEOPT UNPACKING pc=0x00000169875869a3 sp=0x00000065ea4fded0 mode 2
Event: 9.985 Thread 0x00000169ff64fde0 Uncommon trap: trap_request=0xffffff6e fr.pc=0x0000016987cbf564 relative=0x0000000000000264
Event: 9.985 Thread 0x00000169ff64fde0 Uncommon trap: reason=loop_limit_check action=maybe_recompile pc=0x0000016987cbf564 method=java.math.BigInteger.implMulAdd([I[IIII)I @ 26 c2
Event: 9.985 Thread 0x00000169ff64fde0 DEOPT PACKING pc=0x0000016987cbf564 sp=0x00000065ea4fdb90
Event: 9.985 Thread 0x00000169ff64fde0 DEOPT UNPACKING pc=0x00000169875869a3 sp=0x00000065ea4fdae0 mode 2

Classes unloaded (0 events):
No events

Classes redefined (0 events):
No events

Internal exceptions (20 events):
Event: 6.098 Thread 0x00000169ec2a0f60 Exception <a 'java/lang/NoSuchMethodError'{0x000000074ac8a7c8}: 'void java.lang.invoke.DirectMethodHandle$Holder.invokeStatic(java.lang.Object, int, java.lang.Object)'> (0x000000074ac8a7c8) 
thrown [s\src\hotspot\share\interpreter\linkResolver.cpp, line 759]
Event: 6.110 Thread 0x00000169ec2a0f60 Exception <a 'java/lang/NoSuchMethodError'{0x000000074acc6cb0}: 'void java.lang.invoke.DirectMethodHandle$Holder.invokeVirtual(java.lang.Object, java.lang.Object, int)'> (0x000000074acc6cb0) 
thrown [s\src\hotspot\share\interpreter\linkResolver.cpp, line 759]
Event: 6.112 Thread 0x00000169ec2a0f60 Exception <a 'java/lang/NoSuchMethodError'{0x000000074acccef8}: 'void java.lang.invoke.DirectMethodHandle$Holder.invokeStatic(java.lang.Object, java.lang.Object, java.lang.Object, int, java.lang.Object)'> (0x000000074acccef8) 
thrown [s\src\hotspot\share\interpreter\linkResolver.cpp, line 759]
Event: 6.112 Thread 0x00000169ec2a0f60 Exception <a 'java/lang/NoSuchMethodError'{0x000000074acd4400}: 'java.lang.Object java.lang.invoke.DirectMethodHandle$Holder.newInvokeSpecial(java.lang.Object, java.lang.Object, java.lang.Object, int)'> (0x000000074acd4400) 
thrown [s\src\hotspot\share\interpreter\linkResolver.cpp, line 759]
Event: 6.113 Thread 0x00000169ec2a0f60 Exception <a 'java/lang/NoSuchMethodError'{0x000000074acd86e8}: 'java.lang.Object java.lang.invoke.DirectMethodHandle$Holder.invokeSpecial(java.lang.Object, java.lang.Object, java.lang.Object, java.lang.Object, int)'> (0x000000074acd86e8) 
thrown [s\src\hotspot\share\interpreter\linkResolver.cpp, line 759]
Event: 6.113 Thread 0x00000169ec2a0f60 Exception <a 'java/lang/NoSuchMethodError'{0x000000074acdc2b0}: 'java.lang.Object java.lang.invoke.Invokers$Holder.linkToTargetMethod(java.lang.Object, java.lang.Object, int, java.lang.Object)'> (0x000000074acdc2b0) 
thrown [s\src\hotspot\share\interpreter\linkResolver.cpp, line 759]
Event: 6.299 Thread 0x00000169ec2a0f60 Exception <a 'java/lang/NoSuchMethodError'{0x0000000746705640}: 'java.lang.Object java.lang.invoke.DirectMethodHandle$Holder.invokeStaticInit(java.lang.Object, int, int, int, int)'> (0x0000000746705640) 
thrown [s\src\hotspot\share\interpreter\linkResolver.cpp, line 759]
Event: 7.187 Thread 0x00000169ec2a0f60 Exception <a 'java/lang/NoSuchMethodError'{0x0000000746789c88}: 'java.lang.Object java.lang.invoke.DirectMethodHandle$Holder.invokeStaticInit(java.lang.Object, java.lang.Object, int, int, int, int)'> (0x0000000746789c88) 
thrown [s\src\hotspot\share\interpreter\linkResolver.cpp, line 759]
Event: 7.600 Thread 0x00000169ec2a0f60 Exception <a 'java/lang/NoSuchMethodError'{0x000000074617b988}: 'java.lang.Object java.lang.invoke.DirectMethodHandle$Holder.invokeSpecial(java.lang.Object, java.lang.Object, long, java.lang.Object, java.lang.Object, java.lang.Object, java.lang.Object, java.lang.Object, java.lang.Object)'> (0x000000074617b988) 
thrown [s\src\hotspot\share\interpreter\linkResolver.cpp, line 759]
Event: 7.601 Thread 0x00000169ec2a0f60 Exception <a 'java/lang/NoSuchMethodError'{0x00000007461804b0}: 'java.lang.Object java.lang.invoke.DelegatingMethodHandle$Holder.reinvoke_L(java.lang.Object, long, java.lang.Object, java.lang.Object, java.lang.Object, java.lang.Object, java.lang.Object, java.lang.Object)'> (0x00000007461804b0) 
thrown [s\src\hotspot\share\interpreter\linkResolver.cpp, line 759]
Event: 7.701 Thread 0x00000169ec2a0f60 Exception <a 'java/io/FileNotFoundException'{0x0000000745f17d88}> (0x0000000745f17d88) 
thrown [s\src\hotspot\share\prims\jni.cpp, line 516]
Event: 7.702 Thread 0x00000169ec2a0f60 Exception <a 'java/io/FileNotFoundException'{0x0000000745f199d0}> (0x0000000745f199d0) 
thrown [s\src\hotspot\share\prims\jni.cpp, line 516]
Event: 7.782 Thread 0x00000169ec2a0f60 Exception <a 'java/lang/NoSuchMethodError'{0x0000000745ce3f00}: 'int java.lang.invoke.DirectMethodHandle$Holder.invokeInterface(java.lang.Object, java.lang.Object, java.lang.Object, java.lang.Object)'> (0x0000000745ce3f00) 
thrown [s\src\hotspot\share\interpreter\linkResolver.cpp, line 759]
Event: 7.898 Thread 0x00000169ec2a0f60 Exception <a 'java/lang/NoSuchMethodError'{0x0000000745b80f38}: 'long java.lang.invoke.DirectMethodHandle$Holder.invokeVirtual(java.lang.Object, java.lang.Object)'> (0x0000000745b80f38) 
thrown [s\src\hotspot\share\interpreter\linkResolver.cpp, line 759]
Event: 8.090 Thread 0x00000169ec2a0f60 Implicit null exception at 0x0000016987bf7cc0 to 0x0000016987bf7eb8
Event: 8.097 Thread 0x00000169ec2a0f60 Exception <a 'sun/nio/fs/WindowsException'{0x000000074ae7b870}> (0x000000074ae7b870) 
thrown [s\src\hotspot\share\prims\jni.cpp, line 516]
Event: 9.102 Thread 0x00000169ec2a0f60 Exception <a 'java/lang/NoSuchMethodError'{0x000000074640b408}: 'int java.lang.invoke.DirectMethodHandle$Holder.invokeStatic(java.lang.Object)'> (0x000000074640b408) 
thrown [s\src\hotspot\share\interpreter\linkResolver.cpp, line 759]
Event: 9.443 Thread 0x00000169ec2a0f60 Exception <a 'sun/nio/fs/WindowsException'{0x0000000745cb0b58}> (0x0000000745cb0b58) 
thrown [s\src\hotspot\share\prims\jni.cpp, line 516]
Event: 9.461 Thread 0x00000169ec2a0f60 Exception <a 'java/lang/NoSuchMethodError'{0x0000000745cd25d0}: 'int java.lang.invoke.DirectMethodHandle$Holder.invokeStaticInit(java.lang.Object, java.lang.Object, java.lang.Object, java.lang.Object)'> (0x0000000745cd25d0) 
thrown [s\src\hotspot\share\interpreter\linkResolver.cpp, line 759]
Event: 10.013 Thread 0x00000169ec2a0f60 Exception <a 'java/lang/NoSuchMethodError'{0x000000074f591030}: 'java.lang.Object java.lang.invoke.DirectMethodHandle$Holder.invokeStaticInit(java.lang.Object, java.lang.Object, java.lang.Object, java.lang.Object)'> (0x000000074f591030) 
thrown [s\src\hotspot\share\interpreter\linkResolver.cpp, line 759]

VM Operations (20 events):
Event: 8.750 Executing VM operation: CollectForMetadataAllocation
Event: 8.754 Executing VM operation: CollectForMetadataAllocation done
Event: 8.768 Executing VM operation: G1PauseRemark
Event: 8.770 Executing VM operation: G1PauseRemark done
Event: 8.777 Executing VM operation: G1PauseCleanup
Event: 8.777 Executing VM operation: G1PauseCleanup done
Event: 9.370 Executing VM operation: HandshakeAllThreads
Event: 9.370 Executing VM operation: HandshakeAllThreads done
Event: 9.371 Executing VM operation: HandshakeAllThreads
Event: 9.371 Executing VM operation: HandshakeAllThreads done
Event: 9.445 Executing VM operation: HandshakeAllThreads
Event: 9.445 Executing VM operation: HandshakeAllThreads done
Event: 9.451 Executing VM operation: HandshakeAllThreads
Event: 9.451 Executing VM operation: HandshakeAllThreads done
Event: 9.731 Executing VM operation: HandshakeAllThreads
Event: 9.731 Executing VM operation: HandshakeAllThreads done
Event: 9.966 Executing VM operation: G1CollectForAllocation
Event: 9.969 Executing VM operation: G1CollectForAllocation done
Event: 10.022 Executing VM operation: G1CollectForAllocation
Event: 10.027 Executing VM operation: G1CollectForAllocation done

Events (20 events):
Event: 9.786 loading class sun/security/ssl/NewSessionTicket$NewSessionTicketMessage done
Event: 9.786 loading class sun/security/ssl/NewSessionTicket$T13NewSessionTicketMessage done
Event: 9.850 Thread 0x00000169ff64d560 Thread added: 0x00000169ff64d560
Event: 9.852 loading class java/util/concurrent/ThreadPoolExecutor$CallerRunsPolicy
Event: 9.852 loading class java/util/concurrent/ThreadPoolExecutor$CallerRunsPolicy done
Event: 9.853 loading class java/util/concurrent/atomic/AtomicReferenceFieldUpdater
Event: 9.853 loading class java/util/concurrent/atomic/AtomicReferenceFieldUpdater done
Event: 9.853 loading class java/util/concurrent/atomic/AtomicReferenceFieldUpdater$AtomicReferenceFieldUpdaterImpl
Event: 9.854 loading class java/util/concurrent/atomic/AtomicReferenceFieldUpdater$AtomicReferenceFieldUpdaterImpl done
Event: 9.854 loading class java/util/concurrent/atomic/AtomicReferenceFieldUpdater$AtomicReferenceFieldUpdaterImpl$1
Event: 9.854 loading class java/util/concurrent/atomic/AtomicReferenceFieldUpdater$AtomicReferenceFieldUpdaterImpl$1 done
Event: 9.881 loading class java/util/TimerTask
Event: 9.881 loading class java/util/TimerTask done
Event: 9.965 Thread 0x00000169ff64fde0 Thread added: 0x00000169ff64fde0
Event: 10.010 loading class java/io/CharArrayWriter
Event: 10.011 loading class java/io/CharArrayWriter done
Event: 10.011 loading class java/lang/StringIndexOutOfBoundsException
Event: 10.011 loading class java/lang/StringIndexOutOfBoundsException done
Event: 10.031 loading class jdk/internal/reflect/UnsafeQualifiedStaticIntegerFieldAccessorImpl
Event: 10.031 loading class jdk/internal/reflect/UnsafeQualifiedStaticIntegerFieldAccessorImpl done


Dynamic libraries:
0x00007ff71d3b0000 - 0x00007ff71d3be000 	C:\Users\franc\.jdks\corretto-17.0.11\bin\java.exe
0x00007ffb0c140000 - 0x00007ffb0c349000 	C:\WINDOWS\SYSTEM32\ntdll.dll
0x00007ffab67e0000 - 0x00007ffab67f9000 	C:\Program Files\Avast Software\Avast\aswhook.dll
0x00007ffb0a8d0000 - 0x00007ffb0a98d000 	C:\WINDOWS\System32\KERNEL32.DLL
0x00007ffb09700000 - 0x00007ffb09a84000 	C:\WINDOWS\System32\KERNELBASE.dll
0x00007ffb09cb0000 - 0x00007ffb09dc1000 	C:\WINDOWS\System32\ucrtbase.dll
0x00007ffad0940000 - 0x00007ffad095b000 	C:\Users\franc\.jdks\corretto-17.0.11\bin\VCRUNTIME140.dll
0x00007ffabec90000 - 0x00007ffabeca7000 	C:\Users\franc\.jdks\corretto-17.0.11\bin\jli.dll
0x00007ffb0a390000 - 0x00007ffb0a53d000 	C:\WINDOWS\System32\USER32.dll
0x00007ffb09c80000 - 0x00007ffb09ca6000 	C:\WINDOWS\System32\win32u.dll
0x00007ffae91e0000 - 0x00007ffae9485000 	C:\WINDOWS\WinSxS\amd64_microsoft.windows.common-controls_6595b64144ccf1df_6.0.22000.120_none_9d947278b86cc467\COMCTL32.dll
0x00007ffb0c020000 - 0x00007ffb0c04a000 	C:\WINDOWS\System32\GDI32.dll
0x00007ffb0afc0000 - 0x00007ffb0b063000 	C:\WINDOWS\System32\msvcrt.dll
0x00007ffb09dd0000 - 0x00007ffb09eee000 	C:\WINDOWS\System32\gdi32full.dll
0x00007ffb09ef0000 - 0x00007ffb09f8d000 	C:\WINDOWS\System32\msvcp_win.dll
0x00007ffb0bda0000 - 0x00007ffb0bdd1000 	C:\WINDOWS\System32\IMM32.DLL
0x00007ffad0930000 - 0x00007ffad093c000 	C:\Users\franc\.jdks\corretto-17.0.11\bin\vcruntime140_1.dll
0x00007ffa75ca0000 - 0x00007ffa75d2d000 	C:\Users\franc\.jdks\corretto-17.0.11\bin\msvcp140.dll
0x00007ffa23590000 - 0x00007ffa241f2000 	C:\Users\franc\.jdks\corretto-17.0.11\bin\server\jvm.dll
0x00007ffb0a630000 - 0x00007ffb0a6de000 	C:\WINDOWS\System32\ADVAPI32.dll
0x00007ffb0a830000 - 0x00007ffb0a8ce000 	C:\WINDOWS\System32\sechost.dll
0x00007ffb0bc70000 - 0x00007ffb0bd91000 	C:\WINDOWS\System32\RPCRT4.dll
0x00007ffb08c00000 - 0x00007ffb08c4d000 	C:\WINDOWS\SYSTEM32\POWRPROF.dll
0x00007ffae6d10000 - 0x00007ffae6d19000 	C:\WINDOWS\SYSTEM32\WSOCK32.dll
0x00007ffb02ac0000 - 0x00007ffb02aca000 	C:\WINDOWS\SYSTEM32\VERSION.dll
0x00007ffafda10000 - 0x00007ffafda43000 	C:\WINDOWS\SYSTEM32\WINMM.dll
0x00007ffb0a9b0000 - 0x00007ffb0aa1f000 	C:\WINDOWS\System32\WS2_32.dll
0x00007ffb08ac0000 - 0x00007ffb08ad3000 	C:\WINDOWS\SYSTEM32\UMPDC.dll
0x00007ffb086b0000 - 0x00007ffb086c8000 	C:\WINDOWS\SYSTEM32\kernel.appcore.dll
0x00007ffac02a0000 - 0x00007ffac02aa000 	C:\Users\franc\.jdks\corretto-17.0.11\bin\jimage.dll
0x00007ffb06960000 - 0x00007ffb06b81000 	C:\WINDOWS\SYSTEM32\DBGHELP.DLL
0x00007ffafa3a0000 - 0x00007ffafa3d1000 	C:\WINDOWS\SYSTEM32\dbgcore.DLL
0x00007ffb09a90000 - 0x00007ffb09b0f000 	C:\WINDOWS\System32\bcryptPrimitives.dll
0x00007ffabec60000 - 0x00007ffabec85000 	C:\Users\franc\.jdks\corretto-17.0.11\bin\java.dll
0x00007ffa3cd40000 - 0x00007ffa3ce17000 	C:\Users\franc\.jdks\corretto-17.0.11\bin\jsvml.dll
0x00007ffb0b120000 - 0x00007ffb0b8e5000 	C:\WINDOWS\System32\SHELL32.dll
0x00007ffb076a0000 - 0x00007ffb07f02000 	C:\WINDOWS\SYSTEM32\windows.storage.dll
0x00007ffb0b8f0000 - 0x00007ffb0bc66000 	C:\WINDOWS\System32\combase.dll
0x00007ffb07530000 - 0x00007ffb07697000 	C:\WINDOWS\SYSTEM32\wintypes.dll
0x00007ffb0a6e0000 - 0x00007ffb0a7ca000 	C:\WINDOWS\System32\SHCORE.dll
0x00007ffb0a7d0000 - 0x00007ffb0a82d000 	C:\WINDOWS\System32\shlwapi.dll
0x00007ffb09500000 - 0x00007ffb09525000 	C:\WINDOWS\SYSTEM32\profapi.dll
0x00007ffabec40000 - 0x00007ffabec59000 	C:\Users\franc\.jdks\corretto-17.0.11\bin\net.dll
0x00007ffb031a0000 - 0x00007ffb032b4000 	C:\WINDOWS\SYSTEM32\WINHTTP.dll
0x00007ffb08b90000 - 0x00007ffb08bf7000 	C:\WINDOWS\system32\mswsock.dll
0x00007ffabec20000 - 0x00007ffabec36000 	C:\Users\franc\.jdks\corretto-17.0.11\bin\nio.dll
0x00007ffaa5520000 - 0x00007ffaa5538000 	C:\Users\franc\.jdks\corretto-17.0.11\bin\zip.dll
0x00007ffabf320000 - 0x00007ffabf32e000 	C:\Users\franc\.jdks\corretto-17.0.11\bin\sunmscapi.dll
0x00007ffb09b10000 - 0x00007ffb09c72000 	C:\WINDOWS\System32\CRYPT32.dll
0x00007ffb08f70000 - 0x00007ffb08f98000 	C:\WINDOWS\SYSTEM32\ncrypt.dll
0x00007ffb08f30000 - 0x00007ffb08f67000 	C:\WINDOWS\SYSTEM32\NTASN1.dll
0x00007ffb08e30000 - 0x00007ffb08e48000 	C:\WINDOWS\SYSTEM32\CRYPTSP.dll
0x00007ffb08610000 - 0x00007ffb08645000 	C:\WINDOWS\system32\rsaenh.dll
0x00007ffb08cd0000 - 0x00007ffb08cfc000 	C:\WINDOWS\SYSTEM32\USERENV.dll
0x00007ffb08fa0000 - 0x00007ffb08fc7000 	C:\WINDOWS\SYSTEM32\bcrypt.dll
0x00007ffb08e20000 - 0x00007ffb08e2c000 	C:\WINDOWS\SYSTEM32\CRYPTBASE.dll
0x00007ffb08160000 - 0x00007ffb0818d000 	C:\WINDOWS\SYSTEM32\IPHLPAPI.DLL
0x00007ffb0a990000 - 0x00007ffb0a999000 	C:\WINDOWS\System32\NSI.dll
0x00007ffb02fe0000 - 0x00007ffb02ff9000 	C:\WINDOWS\SYSTEM32\dhcpcsvc6.DLL
0x00007ffb03810000 - 0x00007ffb0382e000 	C:\WINDOWS\SYSTEM32\dhcpcsvc.DLL
0x00007ffb081d0000 - 0x00007ffb082b7000 	C:\WINDOWS\SYSTEM32\DNSAPI.dll
0x00007ffabec10000 - 0x00007ffabec19000 	C:\Users\franc\.jdks\corretto-17.0.11\bin\management.dll
0x00007ffabea90000 - 0x00007ffabea9b000 	C:\Users\franc\.jdks\corretto-17.0.11\bin\management_ext.dll
0x00007ffb0a9a0000 - 0x00007ffb0a9a8000 	C:\WINDOWS\System32\PSAPI.DLL
0x00007ffabc7a0000 - 0x00007ffabc7b0000 	C:\Users\franc\.jdks\corretto-17.0.11\bin\verify.dll
0x0000000077c60000 - 0x0000000077c86000 	C:\Program Files\Bonjour\mdnsNSP.dll
0x00007ffafcc20000 - 0x00007ffafcc2a000 	C:\Windows\System32\rasadhlp.dll
0x00007ffafd980000 - 0x00007ffafda01000 	C:\WINDOWS\System32\fwpuclnt.dll
0x00007ffabc750000 - 0x00007ffabc759000 	C:\Users\franc\.jdks\corretto-17.0.11\bin\extnet.dll

dbghelp: loaded successfully - version: 4.0.5 - missing functions: none
symbol engine: initialized successfully - sym options: 0x614 - pdb path: .;C:\Users\franc\.jdks\corretto-17.0.11\bin;C:\WINDOWS\SYSTEM32;C:\Program Files\Avast Software\Avast;C:\WINDOWS\WinSxS\amd64_microsoft.windows.common-controls_6595b64144ccf1df_6.0.22000.120_none_9d947278b86cc467;C:\Users\franc\.jdks\corretto-17.0.11\bin\server;C:\Program Files\Bonjour

VM Arguments:
jvm_args: -Dfile.encoding=windows-1252 -Duser.country=CL -Duser.language=es -Duser.variant 
java_command: com.icc.identity_svc.IdentitySvcApplication
java_class_path (initial): C:\Users\franc\OneDrive\Escritorio\Universidad\_Año 5\Diseño de Software\Proyecto U3\identity-svc\identity-svc\build\classes\java\main;C:\Users\franc\OneDrive\Escritorio\Universidad\_Año 5\Diseño de Software\Proyecto U3\identity-svc\identity-svc\build\resources\main;C:\Users\franc\.gradle\caches\modules-2\files-2.1\org.springframework.boot\spring-boot-starter-data-jpa\3.3.1\f12725d58a944eaf4d44334a6a7b0fe14ed08577\spring-boot-starter-data-jpa-3.3.1.jar;C:\Users\franc\.gradle\caches\modules-2\files-2.1\org.springframework.boot\spring-boot-starter-security\3.3.1\8bd079c5339fc519fce243858cb3db819a983e9b\spring-boot-starter-security-3.3.1.jar;C:\Users\franc\.gradle\caches\modules-2\files-2.1\org.springframework.boot\spring-boot-starter-web\3.3.1\ec812e82a010d089438b6ac98ebe294f2e540f71\spring-boot-starter-web-3.3.1.jar;C:\Users\franc\.gradle\caches\modules-2\files-2.1\org.springframework.boot\spring-boot-starter-validation\3.3.1\33dee7cc334482480ed01c19c7fe5a35509bba17\spring-boot-starter-validation-3.3.1.jar;C:\Users\franc\.gradle\caches\modules-2\files-2.1\org.springframework.boot\spring-boot-starter-aop\3.3.1\19da2c8abacda5bed6fadfe3e76e4b61e9cc0f09\spring-boot-starter-aop-3.3.1.jar;C:\Users\franc\.gradle\caches\modules-2\files-2.1\org.springframework.boot\spring-boot-starter-jdbc\3.3.1\73e79247180d277b68801ff5f4f9e9ab66210335\spring-boot-starter-jdbc-3.3.1.jar;C:\Users\franc\.gradle\caches\modules-2\files-2.1\org.hibernate.orm\hibernate-core\6.5.2.Final\e9e0cc47f6cd2b2553968aee66bd9e55e7485221\hibernate-core-6.5.2.Final.jar;C:\Users\franc\.gradle\caches\modules-2\files-2.1\org.springframework.data\spring-data-jpa\3.3.1\bf75f2140be9325d78de2c1c88eb9b7388a41bb1\spring-data-jpa-3.3.1.jar;C:\Users\franc\.gradle\caches\modules-2\files-2.1\org.springframework\spring-aspects\6.1.10\8d869a8bcc99e71b98b9d5ca141539d6e6ba3061\spring-aspects-6.1.10.jar;C:\Users\franc\.gradle\caches\modules-2\files-2.1\org.springframework.boot\spring-boot-starter-jso
Launcher Type: SUN_STANDARD

[Global flags]
     intx CICompilerCount                          = 4                                         {product} {ergonomic}
     uint ConcGCThreads                            = 3                                         {product} {ergonomic}
     uint G1ConcRefinementThreads                  = 10                                        {product} {ergonomic}
   size_t G1HeapRegionSize                         = 2097152                                   {product} {ergonomic}
    uintx GCDrainStackTargetSize                   = 64                                        {product} {ergonomic}
   size_t InitialHeapSize                          = 199229440                                 {product} {ergonomic}
   size_t MarkStackSize                            = 4194304                                   {product} {ergonomic}
   size_t MaxHeapSize                              = 3162505216                                {product} {ergonomic}
   size_t MaxNewSize                               = 1895825408                                {product} {ergonomic}
   size_t MinHeapDeltaBytes                        = 2097152                                   {product} {ergonomic}
   size_t MinHeapSize                              = 8388608                                   {product} {ergonomic}
    uintx NonNMethodCodeHeapSize                   = 5839372                                {pd product} {ergonomic}
    uintx NonProfiledCodeHeapSize                  = 122909434                              {pd product} {ergonomic}
    uintx ProfiledCodeHeapSize                     = 122909434                              {pd product} {ergonomic}
    uintx ReservedCodeCacheSize                    = 251658240                              {pd product} {ergonomic}
     bool SegmentedCodeCache                       = true                                      {product} {ergonomic}
   size_t SoftMaxHeapSize                          = 3162505216                             {manageable} {ergonomic}
     bool UseCompressedClassPointers               = true                           {product lp64_product} {ergonomic}
     bool UseCompressedOops                        = true                           {product lp64_product} {ergonomic}
     bool UseG1GC                                  = true                                      {product} {ergonomic}
     bool UseLargePagesIndividualAllocation        = false                                  {pd product} {ergonomic}

Logging:
Log output configuration:
 #0: stdout all=warning uptime,level,tags
 #1: stderr all=off uptime,level,tags

Environment Variables:
JAVA_HOME="C:\Program Files\Java\jdk-22"
PATH=C:\Program Files (x86)\Common Files\Oracle\Java\java8path;C:\Program Files (x86)\Common Files\Oracle\Java\javapath;C:\Program Files\Java\jre-1.8;C:\ProgramData\Oracle\Java\javapath;C:\windows\system32;C:\windows;C:\windows\System32\Wbem;C:\windows\System32\WindowsPowerShell\v1.0\;C:\windows\System32\OpenSSH\;C:\Program Files (x86)\NVIDIA Corporation\PhysX\Common;C:\Program Files\NVIDIA Corporation\NVIDIA NvDLISR;C:\Program Files\dotnet\;C:\WINDOWS\system32;C:\WINDOWS;C:\WINDOWS\System32\Wbem;C:\WINDOWS\System32\WindowsPowerShell\v1.0\;C:\WINDOWS\System32\OpenSSH\;C:\Program Files\Wolfram Research\WolframScript\;C:\Program Files\HP\HP One Agent;C:\Program Files\Java\jdk-22\bin;C:\Program Files\nodejs\;C:\Program Files\PowerShell\7\;C:\Users\franc\AppData\Local\Microsoft\WindowsApps;C:\Users\franc\AppData\Local\gitkraken\bin;C:\Users\franc\AppData\Local\Programs\Microsoft VS Code\bin;C:\Users\franc\AppData\Local\GitHubDesktop\bin;C:\Users\franc\AppData\Roaming\npm;C:\Program Files\MongoDB\Server\7.0\bin;
USERNAME=franc
OS=Windows_NT
PROCESSOR_IDENTIFIER=Intel64 Family 6 Model 165 Stepping 2, GenuineIntel
TMP=C:\Users\franc\AppData\Local\Temp
TEMP=C:\Users\franc\AppData\Local\Temp



Periodic native trim disabled


---------------  S Y S T E M  ---------------

OS:
 Windows 11 , 64 bit Build 22000 (10.0.22000.2538)
OS uptime: 0 days 7:36 hours

CPU: total 12 (initial active 12) (6 cores per cpu, 2 threads per core) family 6 model 165 stepping 2 microcode 0xe0, cx8, cmov, fxsr, ht, mmx, 3dnowpref, sse, sse2, sse3, ssse3, sse4.1, sse4.2, popcnt, lzcnt, tsc, tscinvbit, avx, avx2, aes, erms, clmul, bmi1, bmi2, adx, fma, vzeroupper, clflush, clflushopt
Processor Information for all 12 processors :
  Max Mhz: 2592, Current Mhz: 2492, Mhz Limit: 2592

Memory: 4k page, system-wide physical 12057M (137M free)
TotalPageFile size 24345M (AvailPageFile size 4M)
current process WorkingSet (physical memory assigned to process): 225M, peak: 225M
current process commit charge ("private bytes"): 266M, peak: 324M

vm_info: OpenJDK 64-Bit Server VM (17.0.11+9-LTS) for windows-amd64 JRE (17.0.11+9-LTS), built on Apr 10 2024 22:12:24 by "Administrator" with MS VC++ 16.10 / 16.11 (VS2019)

END.
